<?xml version="1.0" encoding="UTF-8"?>
<!-- Generated by org.testng.reporters.JUnitReportReporter -->
<testsuite skipped="0" hostname="Swaman" name="com.testautomation.TestRunner.TestRunner5" tests="1" failures="0" timestamp="15 May 2019 20:55:50 GMT" time="15.680" errors="0">
  <testcase name="feature" time="15.680" classname="com.testautomation.TestRunner.TestRunner5"/>
</testsuite> <!-- com.testautomation.TestRunner.TestRunner5 -->
