<?xml version="1.0" encoding="UTF-8"?>
<!-- Generated by org.testng.reporters.JUnitReportReporter -->
<testsuite skipped="0" hostname="Swaman" name="com.testautomation.TestRunner.TestRunner" tests="1" failures="0" timestamp="15 May 2019 20:55:50 GMT" time="4.496" errors="0">
  <testcase name="feature" time="4.496" classname="com.testautomation.TestRunner.TestRunner"/>
</testsuite> <!-- com.testautomation.TestRunner.TestRunner -->
