<?xml version="1.0" encoding="UTF-8"?>
<!-- Generated by org.testng.reporters.JUnitReportReporter -->
<testsuite skipped="0" hostname="Swaman" name="com.testautomation.TestRunner.TestRunner3" tests="1" failures="0" timestamp="15 May 2019 20:55:50 GMT" time="2.433" errors="0">
  <testcase name="feature" time="2.433" classname="com.testautomation.TestRunner.TestRunner3"/>
</testsuite> <!-- com.testautomation.TestRunner.TestRunner3 -->
